[25469] [0;33m*[0m Syncing theme #173331054922 on v9zudt-zd.myshopify.com
[25469] [?25l[25469] [0m[46m  [1;47m                                                                                                                                      [0m 1%  [25469] [1A[1G
[0m[46m    [1;47m                                                                                                                                    [0m 2%  [1A[1G
[0m[46m      [1;47m                                                                                                                                  [0m 3%  [1A[1G
[0m[46m       [1;47m                                                                                                                                 [0m 4%  [1A[1G
[0m[46m         [1;47m                                                                                                                               [0m 6%  [1A[1G
[0m[46m           [1;47m                                                                                                                             [0m 7%  [1A[1G
[0m[46m            [1;47m                                                                                                                            [0m 8%  [1A[1G
[0m[46m              [1;47m                                                                                                                          [0m 9%  [1A[1G
[0m[46m                [1;47m                                                                                                                        [0m 11% [1A[1G
[0m[46m                 [1;47m                                                                                                                       [0m 12% [1A[1G
[0m[46m                        [1;47m                                                                                                                [0m 17% [1A[1G
[0m[46m                          [1;47m                                                                                                              [0m 18% [1A[1G
[0m[46m                           [1;47m                                                                                                             [0m 19% [1A[1G
[0m[46m                               [1;47m                                                                                                         [0m 22% [1A[1G
[0m[46m                               [1;47m                                                                                                         [0m 22% [1A[1G
[0m[46m                                [1;47m                                                                                                        [0m 23% [1A[1G
[0m[46m                                         [1;47m                                                                                               [0m 29% [1A[1G
[0m[46m                                          [1;47m                                                                                              [0m 30% [1A[1G
[0m[46m                                          [1;47m                                                                                              [0m 30% [1A[1G
[0m[46m                                          [1;47m                                                                                              [0m 30% [1A[1G
[0m[46m                                          [1;47m                                                                                              [0m 30% [1A[1G
[0m[46m                                          [1;47m                                                                                              [0m 30% [1A[1G
[0m[46m                                          [1;47m                                                                                              [0m 30% [1A[1G
[0m[46m                                            [1;47m                                                                                            [0m 32% [1A[1G
[0m[46m                                            [1;47m                                                                                            [0m 32% [1A[1G
[0m[46m                                              [1;47m                                                                                          [0m 33% [1A[1G
[0m[46m                                              [1;47m                                                                                          [0m 33% [1A[1G
[0m[46m                                                [1;47m                                                                                        [0m 34% [1A[1G
[0m[46m                                                 [1;47m                                                                                       [0m 35% [1A[1G
[0m[46m                                                   [1;47m                                                                                     [0m 37% [1A[1G
[0m[46m                                                      [1;47m                                                                                  [0m 39% [1A[1G
[0m[46m                                                      [1;47m                                                                                  [0m 39% [1A[1G
[0m[46m                                                          [1;47m                                                                              [0m 41% [1A[1G
[0m[46m                                                          [1;47m                                                                              [0m 41% [1A[1G
[0m[46m                                                           [1;47m                                                                             [0m 43% [1A[1G
[0m[46m                                                                [1;47m                                                                        [0m 46% [1A[1G
[0m[46m                                                                  [1;47m                                                                      [0m 48% [1A[1G
[0m[46m                                                                    [1;47m                                                                    [0m 49% [1A[1G
[0m[46m                                                                     [1;47m                                                                   [0m 50% [1A[1G
[0m[46m                                                                     [1;47m                                                                   [0m 50% [1A[1G
[0m[46m                                                                       [1;47m                                                                 [0m 51% [1A[1G
[0m[46m                                                                       [1;47m                                                                 [0m 51% [1A[1G
[0m[46m                                                                         [1;47m                                                               [0m 53% [1A[1G
[0m[46m                                                                            [1;47m                                                            [0m 55% [1A[1G
[0m[46m                                                                            [1;47m                                                            [0m 55% [1A[1G
[0m[46m                                                                              [1;47m                                                          [0m 56% [1A[1G
[0m[46m                                                                               [1;47m                                                         [0m 58% [1A[1G
[0m[46m                                                                                   [1;47m                                                     [0m 60% [1A[1G
[0m[46m                                                                                   [1;47m                                                     [0m 60% [1A[1G
[0m[46m                                                                                      [1;47m                                                  [0m 62% [1A[1G
[0m[46m                                                                                        [1;47m                                                [0m 64% [1A[1G
[0m[46m                                                                                        [1;47m                                                [0m 64% [1A[1G
[0m[46m                                                                                         [1;47m                                               [0m 65% [1A[1G
[0m[46m                                                                                           [1;47m                                             [0m 66% [1A[1G
[0m[46m                                                                                               [1;47m                                         [0m 69% [1A[1G
[0m[46m                                                                                               [1;47m                                         [0m 69% [1A[1G
[0m[46m                                                                                                  [1;47m                                      [0m 71% [1A[1G
[0m[46m                                                                                                  [1;47m                                      [0m 71% [1A[1G
[0m[46m                                                                                                    [1;47m                                    [0m 72% [1A[1G
[0m[46m                                                                                                     [1;47m                                   [0m 74% [1A[1G
[0m[46m                                                                                                       [1;47m                                 [0m 75% [1A[1G
[0m[46m                                                                                                         [1;47m                               [0m 76% [1A[1G
[0m[46m                                                                                                          [1;47m                              [0m 77% [1A[1G
[0m[46m                                                                                                            [1;47m                            [0m 79% [1A[1G
[0m[46m                                                                                                              [1;47m                          [0m 80% [1A[1G
[0m[46m                                                                                                                 [1;47m                       [0m 82% [1A[1G
[0m[46m                                                                                                                   [1;47m                     [0m 83% [1A[1G
[0m[46m                                                                                                                    [1;47m                    [0m 85% [1A[1G
[0m[46m                                                                                                                      [1;47m                  [0m 86% [1A[1G
[0m[46m                                                                                                                        [1;47m                [0m 87% [1A[1G
[0m[46m                                                                                                                         [1;47m               [0m 88% [1A[1G
[0m[46m                                                                                                                         [1;47m               [0m 88% [1A[1G
[0m[46m                                                                                                                           [1;47m             [0m 90% [1A[1G
[0m[46m                                                                                                                             [1;47m           [0m 91% [1A[1G
[0m[46m                                                                                                                              [1;47m          [0m 92% [1A[1G
[0m[46m                                                                                                                                [1;47m        [0m 93% [1A[1G
[0m[46m                                                                                                                                  [1;47m      [0m 95% [1A[1G
[0m[46m                                                                                                                                   [1;47m     [0m 96% [1A[1G
[0m[46m                                                                                                                                     [1;47m   [0m 97% [1A[1G
[0m[46m                                                                                                                                       [1;47m [0m 98% [1A[1G
[0m[46m                                                                                                                                        [1;47m[0m 100%[1A[1G
[0m[46m                                                                                                                                        [1;47m[0m 100%[1A[1G
[25469] [0m[46m                                                                                                                                        [1;47m[0m 100%[25469] [1A[1G
[25469] [0m[46m                                                                                                                                        [1;47m[0m 100%
[25469] [?25h[25469] [0msections/about-us.liquid: Invalid schema: setting with id="more_link_url" default doit être une chaîne ou un chemin d’accès à une source de données
[25469] [0msections/contact.liquid: Invalid schema: setting with id="button_url" default doit être une chaîne ou un chemin d’accès à une source de données
[25469] [0msections/content-boxes.liquid: Invalid schema: setting with id="more_link_url" default doit être une chaîne ou un chemin d’accès à une source de données
[25469] [0msections/hero.liquid: Invalid schema: setting with id="video" type n’est pas valide
sections/hero.liquid: Invalid schema: setting with id="video" 'id' is not a valid attribute
sections/hero.liquid: Invalid schema: setting with id="video" 'label' is not a valid attribute
[25469] [0msections/projects-clients.liquid: Invalid schema: setting with id="more_link_url" default doit être une chaîne ou un chemin d’accès à une source de données
[25469] [0msections/social-channels.liquid: Invalid schema: setting with id="more_link_url" default doit être une chaîne ou un chemin d’accès à une source de données
sections/social-channels.liquid: Invalid block 'social': setting with id="url" default doit être une chaîne ou un chemin d’accès à une source de données
[25469] [0msections/why-us.liquid: Invalid schema: setting with id="more_link_url" default doit être une chaîne ou un chemin d’accès à une source de données
[0;38;5;244m  • 11:15:25[0m ERROR  [0;38;5;244m»[0m [0;38;5;244mupdate assets/téléchargement (1).png[0m:
  "assets/téléchargement (1).png" contains illegal characters
[0;38;5;244m  • 11:15:25[0m ERROR  [0;38;5;244m»[0m [0;38;5;244mupdate assets/téléchargement (2).png[0m:
  "assets/téléchargement (2).png" contains illegal characters
[0;38;5;244m  • 11:15:26[0m ERROR  [0;38;5;244m»[0m [0;38;5;244mupdate assets/téléchargement.png[0m:
  "assets/téléchargement.png" contains illegal characters
[0;38;5;244m  • 11:23:30[0m ERROR  [0;38;5;244m»[0m [0;38;5;244mupdate assets/téléchargement2.png[0m: [0;31m✗[0m Please login again
